<?xml version="1.0" encoding="UTF-8"?>
<testng-results ignored="0" total="1" passed="1" failed="0" skipped="0">
  <reporter-output>
    <line>
      <![CDATA[init config and excel data provider]]>
    </line>
    <line>
      <![CDATA[init extent htmlreporter, ExtentReports and setting up system info]]>
    </line>
    <line>
      <![CDATA[Excel and Config Data provider are ready to use]]>
    </line>
    <line>
      <![CDATA[ExtentReports and ExtentHtmlReporter are ready to use ]]>
    </line>
    <line>
      <![CDATA[Initialize Chrome browser and navigating to application under test]]>
    </line>
    <line>
      <![CDATA[Browser launch and we are on login page ]]>
    </line>
    <line>
      <![CDATA[init LoginPage Object]]>
    </line>
    <line>
      <![CDATA[Enter username into username text field]]>
    </line>
    <line>
      <![CDATA[Enter password into password text field]]>
    </line>
    <line>
      <![CDATA[Click on login button]]>
    </line>
    <line>
      <![CDATA[Login Success]]>
    </line>
    <line>
      <![CDATA[extent reports flush]]>
    </line>
    <line>
      <![CDATA[close browser window]]>
    </line>
  </reporter-output>
  <suite started-at="2022-01-11T09:09:57 IST" name="Default suite" finished-at="2022-01-11T09:10:18 IST" duration-ms="21258">
    <groups>
    </groups>
    <test started-at="2022-01-11T09:09:57 IST" name="Default test" finished-at="2022-01-11T09:10:18 IST" duration-ms="21258">
      <class name="com.orangehrm.hybridframework_testCases.LoginTC">
        <test-method is-config="true" signature="init()[pri:0, instance:com.orangehrm.hybridframework_testCases.LoginTC@4b45a2f5]" started-at="2022-01-11T09:09:54 IST" name="init" finished-at="2022-01-11T09:09:57 IST" duration-ms="2639" status="PASS">
          <reporter-output>
            <line>
              <![CDATA[init config and excel data provider]]>
            </line>
            <line>
              <![CDATA[init extent htmlreporter, ExtentReports and setting up system info]]>
            </line>
            <line>
              <![CDATA[Excel and Config Data provider are ready to use]]>
            </line>
            <line>
              <![CDATA[ExtentReports and ExtentHtmlReporter are ready to use ]]>
            </line>
          </reporter-output>
        </test-method> <!-- init -->
        <test-method is-config="true" signature="setUP(java.lang.String)[pri:0, instance:com.orangehrm.hybridframework_testCases.LoginTC@4b45a2f5]" started-at="2022-01-11T09:09:57 IST" name="setUP" finished-at="2022-01-11T09:10:11 IST" duration-ms="13890" status="PASS">
          <params>
            <param index="0">
              <value>
                <![CDATA[Chrome]]>
              </value>
            </param>
          </params>
          <reporter-output>
            <line>
              <![CDATA[Initialize Chrome browser and navigating to application under test]]>
            </line>
            <line>
              <![CDATA[Browser launch and we are on login page ]]>
            </line>
          </reporter-output>
        </test-method> <!-- setUP -->
        <test-method signature="loginToOrangeHrmTC002()[pri:0, instance:com.orangehrm.hybridframework_testCases.LoginTC@4b45a2f5]" started-at="2022-01-11T09:10:11 IST" name="loginToOrangeHrmTC002" finished-at="2022-01-11T09:10:16 IST" duration-ms="5341" status="PASS">
          <reporter-output>
            <line>
              <![CDATA[init LoginPage Object]]>
            </line>
            <line>
              <![CDATA[Enter username into username text field]]>
            </line>
            <line>
              <![CDATA[Enter password into password text field]]>
            </line>
            <line>
              <![CDATA[Click on login button]]>
            </line>
            <line>
              <![CDATA[Login Success]]>
            </line>
          </reporter-output>
        </test-method> <!-- loginToOrangeHrmTC002 -->
        <test-method is-config="true" signature="tearDown(org.testng.ITestResult)[pri:0, instance:com.orangehrm.hybridframework_testCases.LoginTC@4b45a2f5]" started-at="2022-01-11T09:10:16 IST" name="tearDown" finished-at="2022-01-11T09:10:16 IST" duration-ms="4" status="PASS">
          <params>
            <param index="0">
              <value>
                <![CDATA[[TestResult name=loginToOrangeHrmTC002 status=SUCCESS method=LoginTC.loginToOrangeHrmTC002()[pri:0, instance:com.orangehrm.hybridframework_testCases.LoginTC@4b45a2f5] output=init LoginPage Object]]]>
              </value>
            </param>
          </params>
          <reporter-output>
          </reporter-output>
        </test-method> <!-- tearDown -->
        <test-method is-config="true" signature="flushReports()[pri:0, instance:com.orangehrm.hybridframework_testCases.LoginTC@4b45a2f5]" started-at="2022-01-11T09:10:16 IST" name="flushReports" finished-at="2022-01-11T09:10:18 IST" duration-ms="1940" status="PASS">
          <reporter-output>
            <line>
              <![CDATA[extent reports flush]]>
            </line>
            <line>
              <![CDATA[close browser window]]>
            </line>
          </reporter-output>
        </test-method> <!-- flushReports -->
      </class> <!-- com.orangehrm.hybridframework_testCases.LoginTC -->
    </test> <!-- Default test -->
  </suite> <!-- Default suite -->
</testng-results>
